<?xml version="1.0" encoding="UTF-8"?>
<!-- Generated by org.testng.reporters.JUnitXMLReporter -->
<testsuite ignored="0" hostname="DESKTOP-171AVQP" failures="0" tests="5" name="Run on CHROME" time="53.008" errors="0" timestamp="18 Jun 2023 14:19:08 GMT">
  <testcase classname="com.bankguru.DeleteCustomer_01_CustomerID" name="DeleteCustomer_01_CustomerID_Cannot_Empty" time="5.694"/>
  <testcase classname="com.bankguru.DeleteCustomer_01_CustomerID" name="DeleteCustomer_02_CustomerID_Must_Be_Numberic" time="2.992"/>
  <testcase classname="com.bankguru.DeleteCustomer_01_CustomerID" name="DeleteCustomer_03_CustomerID_Cannot_Have_Special_Character" time="3.715"/>
  <testcase classname="com.bankguru.DeleteCustomer_01_CustomerID" name="DeleteCustomer_04_CustomerID_Cannot_Have_Blank_Space" time="3.662"/>
  <testcase classname="com.bankguru.DeleteCustomer_01_CustomerID" name="DeleteCustomer_05_CustomerID_First_Character_Cannot_Be_Space" time="3.836"/>
</testsuite> <!-- Run on CHROME -->
